TN:
SF:linkedlist.js
FN:2,(anonymous_0)
FN:7,(anonymous_1)
FN:14,(anonymous_2)
FN:25,(anonymous_3)
FN:37,(anonymous_4)
FN:42,(anonymous_5)
FN:54,(anonymous_6)
FN:69,(anonymous_7)
FN:75,(anonymous_8)
FNF:9
FNH:9
FNDA:15,(anonymous_0)
FNDA:39,(anonymous_1)
FNDA:14,(anonymous_2)
FNDA:4,(anonymous_3)
FNDA:2,(anonymous_4)
FNDA:4,(anonymous_5)
FNDA:1,(anonymous_6)
FNDA:41,(anonymous_7)
FNDA:14,(anonymous_8)
DA:3,15
DA:4,15
DA:8,39
DA:9,39
DA:10,39
DA:15,14
DA:16,4
DA:18,10
DA:19,10
DA:20,11
DA:22,10
DA:26,4
DA:28,3
DA:30,3
DA:32,2
DA:34,2
DA:38,2
DA:39,2
DA:43,4
DA:45,3
DA:47,3
DA:49,1
DA:51,1
DA:55,1
DA:57,1
DA:58,1
DA:59,1
DA:60,1
DA:62,1
DA:70,41
DA:71,41
DA:75,1
DA:76,14
DA:77,14
DA:78,36
DA:80,14
DA:83,1
LF:37
LH:37
BRDA:15,0,0,4
BRDA:15,0,1,10
BRDA:15,1,0,14
BRDA:15,1,1,11
BRDA:26,2,0,1
BRDA:26,2,1,3
BRDA:30,3,0,1
BRDA:30,3,1,2
BRDA:43,4,0,1
BRDA:43,4,1,3
BRDA:47,5,0,2
BRDA:47,5,1,1
BRDA:47,6,0,3
BRDA:47,6,1,2
BRF:14
BRH:14
end_of_record
