<?xml version="1.0" encoding="UTF-8"?>
<coverage generated="1657580970598" clover="3.2.0">
  <project timestamp="1657580970598" name="All files">
    <metrics statements="37" coveredstatements="37" conditionals="14" coveredconditionals="14" methods="9" coveredmethods="9" elements="60" coveredelements="60" complexity="0" loc="37" ncloc="37" packages="1" files="1" classes="1"/>
    <file name="linkedlist.js" path="C:\Users\tuber\Desktop\projects\DailyCoding\fundementals\datastructures\linkedlist\linkedlist.js">
      <metrics statements="37" coveredstatements="37" conditionals="14" coveredconditionals="14" methods="9" coveredmethods="9"/>
      <line num="3" count="15" type="stmt"/>
      <line num="4" count="15" type="stmt"/>
      <line num="8" count="39" type="stmt"/>
      <line num="9" count="39" type="stmt"/>
      <line num="10" count="39" type="stmt"/>
      <line num="15" count="14" type="cond" truecount="4" falsecount="0"/>
      <line num="16" count="4" type="stmt"/>
      <line num="18" count="10" type="stmt"/>
      <line num="19" count="10" type="stmt"/>
      <line num="20" count="11" type="stmt"/>
      <line num="22" count="10" type="stmt"/>
      <line num="26" count="4" type="cond" truecount="2" falsecount="0"/>
      <line num="28" count="3" type="stmt"/>
      <line num="30" count="3" type="cond" truecount="2" falsecount="0"/>
      <line num="32" count="2" type="stmt"/>
      <line num="34" count="2" type="stmt"/>
      <line num="38" count="2" type="stmt"/>
      <line num="39" count="2" type="stmt"/>
      <line num="43" count="4" type="cond" truecount="2" falsecount="0"/>
      <line num="45" count="3" type="stmt"/>
      <line num="47" count="3" type="cond" truecount="4" falsecount="0"/>
      <line num="49" count="1" type="stmt"/>
      <line num="51" count="1" type="stmt"/>
      <line num="55" count="1" type="stmt"/>
      <line num="57" count="1" type="stmt"/>
      <line num="58" count="1" type="stmt"/>
      <line num="59" count="1" type="stmt"/>
      <line num="60" count="1" type="stmt"/>
      <line num="62" count="1" type="stmt"/>
      <line num="70" count="41" type="stmt"/>
      <line num="71" count="41" type="stmt"/>
      <line num="75" count="1" type="stmt"/>
      <line num="76" count="14" type="stmt"/>
      <line num="77" count="14" type="stmt"/>
      <line num="78" count="36" type="stmt"/>
      <line num="80" count="14" type="stmt"/>
      <line num="83" count="1" type="stmt"/>
    </file>
  </project>
</coverage>
